2024-11-13 14:23:40,227 - INFO - Initialized XMLGenerator with folder path: ../data
2024-11-13 14:23:40,227 - INFO - Searching for journal file...
2024-11-13 14:23:40,227 - INFO - Found journal file: sample_journal.xlsx
2024-11-13 14:23:40,227 - INFO - Extracted base filename: sample
2024-11-13 14:23:40,227 - INFO - Initialized article file path: ../data\sample_articles.xls
2024-11-13 14:23:40,228 - INFO - Starting XML generation process...
2024-11-13 14:23:40,228 - INFO - Reading journal data...
2024-11-13 14:23:40,718 - INFO - Journal data read successfully.
2024-11-13 14:23:40,718 - INFO - Initialized article file path: ../data\sample_articles.xls
2024-11-13 14:23:40,721 - INFO - Reading article data...
2024-11-13 14:23:40,733 - INFO - Article data read successfully.
2024-11-13 14:23:40,734 - INFO - Creating journal XML...
2024-11-13 14:23:40,734 - INFO - Journal XML created successfully.
2024-11-13 14:23:40,734 - INFO - Creating article XML...
2024-11-13 14:23:40,735 - INFO - Adding author 1: Martha M. Stone
2024-11-13 14:23:40,735 - INFO - Adding author 1: Robert Dan Williamson
2024-11-13 14:23:40,736 - INFO - Adding author 1: William S. Hutch
2024-11-13 14:23:40,736 - INFO - Adding author 1: Brenda G.  Stewart
2024-11-13 14:23:40,737 - INFO - Article XML created successfully.
2024-11-13 14:23:40,737 - INFO - Combining journal and article XML into a single XML document...
2024-11-13 14:23:40,737 - INFO - XML combined successfully.
2024-11-13 14:23:40,737 - INFO - Writing combined XML to ../output/sample.xml...
2024-11-13 14:23:40,738 - INFO - XML written to ../output/sample.xml successfully.
2024-11-13 14:23:40,739 - INFO - XML generation complete. Output file: ../output/sample.xml
2024-11-13 14:24:09,992 - INFO - Initialized XMLGenerator with folder path: ../data
2024-11-13 14:24:09,992 - INFO - Searching for journal file...
2024-11-13 14:24:09,992 - INFO - Found journal file: sample_journal.xlsx
2024-11-13 14:24:09,992 - INFO - Extracted base filename: sample
2024-11-13 14:24:09,992 - INFO - Initialized article file path: ../data\sample_articles.xls
2024-11-13 14:24:09,992 - INFO - Starting XML generation process...
2024-11-13 14:24:09,992 - INFO - Reading journal data...
2024-11-13 14:24:10,531 - INFO - Journal data read successfully.
2024-11-13 14:24:10,531 - INFO - Initialized article file path: ../data\sample_articles.xls
2024-11-13 14:24:10,531 - INFO - Reading article data...
2024-11-13 14:24:10,542 - INFO - Article data read successfully.
2024-11-13 14:24:10,542 - INFO - Creating journal XML...
2024-11-13 14:24:10,543 - INFO - Journal XML created successfully.
2024-11-13 14:24:10,543 - INFO - Creating article XML...
2024-11-13 14:24:10,543 - INFO - Adding author 1: Martha M. Stone
2024-11-13 14:24:10,544 - INFO - Adding author 1: Robert Dan Williamson
2024-11-13 14:24:10,544 - INFO - Adding author 1: William S. Hutch
2024-11-13 14:24:10,544 - INFO - Adding author 1: Brenda G.  Stewart
2024-11-13 14:24:10,544 - INFO - Article XML created successfully.
2024-11-13 14:24:10,544 - INFO - Combining journal and article XML into a single XML document...
2024-11-13 14:24:10,545 - INFO - XML combined successfully.
2024-11-13 14:24:10,545 - INFO - Writing combined XML to ../output/sample.xml...
2024-11-13 14:24:10,546 - INFO - XML written to ../output/sample.xml successfully.
2024-11-13 14:24:10,546 - INFO - XML generation complete. Output file: ../output/sample.xml
2024-11-13 14:26:20,732 - INFO - Initialized XMLGenerator with folder path: ../data
2024-11-13 14:26:20,732 - INFO - Searching for journal file...
2024-11-13 14:26:20,732 - INFO - Found journal file: mssl_journal.xlsx
2024-11-13 14:26:20,732 - INFO - Extracted base filename: mssl
2024-11-13 14:26:20,732 - INFO - Initialized article file path: ../data\mssl_articles.xls
2024-11-13 14:26:20,732 - INFO - Starting XML generation process...
2024-11-13 14:26:20,732 - INFO - Reading journal data...
2024-11-13 14:26:21,236 - INFO - Journal data read successfully.
2024-11-13 14:26:21,237 - INFO - Initialized article file path: ../data\mssl_articles.xls
2024-11-13 14:26:21,237 - INFO - Reading article data...
2024-11-13 14:26:21,245 - INFO - Article data read successfully.
2024-11-13 14:26:21,245 - INFO - Creating journal XML...
2024-11-13 14:26:21,245 - INFO - Journal XML created successfully.
2024-11-13 14:26:21,245 - INFO - Creating article XML...
2024-11-13 14:26:21,246 - INFO - Adding author 1: Martha M. Stone
2024-11-13 14:26:21,246 - INFO - Adding author 1: Robert Dan Williamson
2024-11-13 14:26:21,246 - INFO - Adding author 1: William S. Hutch
2024-11-13 14:26:21,247 - INFO - Adding author 1: Brenda G.  Stewart
2024-11-13 14:26:21,247 - INFO - Article XML created successfully.
2024-11-13 14:26:21,247 - INFO - Combining journal and article XML into a single XML document...
2024-11-13 14:26:21,247 - INFO - XML combined successfully.
2024-11-13 14:26:21,247 - INFO - Writing combined XML to ../output/mssl.xml...
2024-11-13 14:26:21,248 - INFO - XML written to ../output/mssl.xml successfully.
2024-11-13 14:26:21,248 - INFO - XML generation complete. Output file: ../output/mssl.xml
2024-11-13 14:26:59,071 - INFO - Initialized XMLGenerator with folder path: ../data
2024-11-13 14:26:59,071 - INFO - Searching for journal file...
2024-11-13 14:26:59,071 - INFO - Found journal file: trial_journal.xlsx
2024-11-13 14:26:59,071 - INFO - Extracted base filename: trial
2024-11-13 14:26:59,071 - INFO - Initialized article file path: ../data\trial_articles.xls
2024-11-13 14:26:59,072 - INFO - Starting XML generation process...
2024-11-13 14:26:59,072 - INFO - Reading journal data...
2024-11-13 14:26:59,604 - INFO - Journal data read successfully.
2024-11-13 14:26:59,604 - INFO - Initialized article file path: ../data\trial_articles.xls
2024-11-13 14:26:59,604 - INFO - Reading article data...
2024-11-13 14:26:59,613 - INFO - Article data read successfully.
2024-11-13 14:26:59,613 - INFO - Creating journal XML...
2024-11-13 14:26:59,614 - INFO - Journal XML created successfully.
2024-11-13 14:26:59,614 - INFO - Creating article XML...
2024-11-13 14:26:59,614 - INFO - Adding author 1: Martha M. Stone
2024-11-13 14:26:59,614 - INFO - Adding author 1: Robert Dan Williamson
2024-11-13 14:26:59,615 - INFO - Adding author 1: William S. Hutch
2024-11-13 14:26:59,615 - INFO - Adding author 1: Brenda G.  Stewart
2024-11-13 14:26:59,615 - INFO - Article XML created successfully.
2024-11-13 14:26:59,615 - INFO - Combining journal and article XML into a single XML document...
2024-11-13 14:26:59,615 - INFO - XML combined successfully.
2024-11-13 14:26:59,615 - INFO - Writing combined XML to ../output/trial.xml...
2024-11-13 14:26:59,617 - INFO - XML written to ../output/trial.xml successfully.
2024-11-13 14:26:59,617 - INFO - XML generation complete. Output file: ../output/trial.xml
2024-11-14 10:40:05,220 - INFO - Initialized XMLGenerator with folder path: ../data
2024-11-14 10:40:05,220 - INFO - Searching for journal file...
2024-11-14 10:40:05,220 - INFO - Found journal file: try_journal.xlsx
2024-11-14 10:40:05,220 - INFO - Extracted base filename: try
2024-11-14 10:40:05,221 - INFO - Initialized article file path: ../data\try_articles.xlsx
2024-11-14 10:40:05,221 - INFO - Starting XML generation process...
2024-11-14 10:40:05,221 - INFO - Reading journal data...
2024-11-14 10:40:05,908 - INFO - Journal data read successfully.
2024-11-14 10:40:05,908 - INFO - Initialized article file path: ../data\try_articles.xlsx
2024-11-14 10:40:05,908 - INFO - Reading article data...
2024-11-14 10:40:05,924 - INFO - Article data read successfully.
2024-11-14 10:40:05,924 - INFO - Creating journal XML...
2024-11-14 10:40:05,927 - INFO - Journal XML created successfully.
2024-11-14 10:40:05,927 - INFO - Creating article XML...
2024-11-14 10:40:05,927 - INFO - Adding author 1: Martha M. Stone
2024-11-14 10:40:05,928 - INFO - Adding author 1: Robert Dan Williamson
2024-11-14 10:40:05,928 - INFO - Adding author 1: William S. Hutch
2024-11-14 10:40:05,928 - INFO - Adding author 1: Brenda G.  Stewart
2024-11-14 10:40:05,928 - INFO - Article XML created successfully.
2024-11-14 10:40:05,928 - INFO - Combining journal and article XML into a single XML document...
2024-11-14 10:40:05,929 - INFO - XML combined successfully.
2024-11-14 10:40:05,929 - INFO - Writing combined XML to ../output/try.xml...
2024-11-14 10:40:05,930 - INFO - XML written to ../output/try.xml successfully.
2024-11-14 10:40:05,930 - INFO - XML generation complete. Output file: ../output/try.xml
2024-11-14 10:42:35,918 - INFO - Initialized XMLGenerator with folder path: ../data
2024-11-14 10:42:35,919 - INFO - Searching for journal file...
2024-11-14 10:42:35,919 - INFO - Found journal file: try_journal.xlsx
2024-11-14 10:42:35,919 - INFO - Extracted base filename: try
2024-11-14 10:42:35,919 - INFO - Initialized article file path: ../data\try_articles.xlsx
2024-11-14 10:42:35,919 - INFO - Starting XML generation process...
2024-11-14 10:42:35,920 - INFO - Reading journal data...
2024-11-14 10:42:36,401 - INFO - Journal data read successfully.
2024-11-14 10:42:36,401 - INFO - Initialized article file path: ../data\try_articles.xlsx
2024-11-14 10:42:36,401 - INFO - Reading article data...
2024-11-14 10:42:36,416 - INFO - Article data read successfully.
2024-11-14 10:42:36,416 - INFO - Creating journal XML...
2024-11-14 10:42:36,417 - INFO - Journal XML created successfully.
2024-11-14 10:42:36,417 - INFO - Creating article XML...
2024-11-14 10:42:36,417 - INFO - Adding author 1: Martha M. Stone
2024-11-14 10:42:36,418 - INFO - Adding author 1: Robert Dan Williamson
2024-11-14 10:42:36,418 - INFO - Adding author 1: William S. Hutch
2024-11-14 10:42:36,418 - INFO - Adding author 1: Brenda G.  Stewart
2024-11-14 10:42:36,418 - INFO - Article XML created successfully.
2024-11-14 10:42:36,418 - INFO - Combining journal and article XML into a single XML document...
2024-11-14 10:42:36,419 - INFO - XML combined successfully.
2024-11-14 10:42:36,419 - INFO - Writing combined XML to ../output/try.xml...
2024-11-14 10:42:36,420 - INFO - XML written to ../output/try.xml successfully.
2024-11-14 10:42:36,420 - INFO - XML generation complete. Output file: ../output/try.xml
2024-11-14 10:43:28,539 - INFO - Initialized XMLGenerator with folder path: ../data
2024-11-14 10:43:28,540 - INFO - Searching for journal file...
2024-11-14 10:43:28,540 - INFO - Found journal file: try_journal.xlsx
2024-11-14 10:43:28,540 - INFO - Extracted base filename: try
2024-11-14 10:43:28,540 - INFO - Initialized article file path: ../data\try_articles.xlsx
2024-11-14 10:43:28,540 - INFO - Starting XML generation process...
2024-11-14 10:43:28,540 - INFO - Reading journal data...
2024-11-14 10:43:29,046 - INFO - Journal data read successfully.
2024-11-14 10:43:29,046 - INFO - Initialized article file path: ../data\try_articles.xlsx
2024-11-14 10:43:29,046 - INFO - Reading article data...
2024-11-14 10:43:29,062 - INFO - Article data read successfully.
2024-11-14 10:43:29,062 - INFO - Creating journal XML...
2024-11-14 10:43:29,063 - INFO - Journal XML created successfully.
2024-11-14 10:43:29,063 - INFO - Creating article XML...
2024-11-14 10:43:29,063 - INFO - Adding author 1: Martha M. Stone
2024-11-14 10:43:29,063 - INFO - Adding author 1: Robert Dan Williamson
2024-11-14 10:43:29,064 - INFO - Adding author 1: William S. Hutch
2024-11-14 10:43:29,064 - INFO - Adding author 1: Brenda G.  Stewart
2024-11-14 10:43:29,064 - INFO - Article XML created successfully.
2024-11-14 10:43:29,064 - INFO - Combining journal and article XML into a single XML document...
2024-11-14 10:43:29,064 - INFO - XML combined successfully.
2024-11-14 10:43:29,064 - INFO - Writing combined XML to ../output/try.xml...
2024-11-14 10:43:29,065 - INFO - XML written to ../output/try.xml successfully.
2024-11-14 10:43:29,065 - INFO - XML generation complete. Output file: ../output/try.xml
